<?xml version="1.0" encoding="UTF-8"?>
<!-- Generated by org.testng.reporters.JUnitReportReporter -->
<testsuite hostname="DESKTOP-7114NCB" failures="0" tests="1" name="com.Ecommerce.BrinytimeLogin.AddToCartTest" time="4.140" errors="0" timestamp="2023-06-02T15:53:22 IST" skipped="0">
  <testcase classname="com.Ecommerce.BrinytimeLogin.AddToCartTest" name="addproductToCart" time="4.140"/>
  <system-out>
    <![CDATA[product is added to the cart and test case is passed]]>
  </system-out>
</testsuite> <!-- com.Ecommerce.BrinytimeLogin.AddToCartTest -->
