<?xml version="1.0" encoding="UTF-8"?>
<!-- Generated by org.testng.reporters.JUnitReportReporter -->
<testsuite hostname="DESKTOP-7114NCB" failures="0" tests="1" name="com.Ecommerce.brinytimeAdmin.InsertProductsTest" time="15.036" errors="0" timestamp="2023-05-25T14:54:24 IST" skipped="0">
  <testcase classname="com.Ecommerce.brinytimeAdmin.InsertProductsTest" name="InsertProducts" time="15.036"/>
  <system-out/>
</testsuite> <!-- com.Ecommerce.brinytimeAdmin.InsertProductsTest -->
