<?xml version="1.0" encoding="UTF-8"?>
<!-- Generated by org.testng.reporters.JUnitReportReporter -->
<testsuite hostname="DESKTOP-7114NCB" failures="0" tests="4" name="sample.datapro5X5" time="0.033" errors="0" timestamp="2023-05-24T10:21:58 IST" skipped="0">
  <testcase classname="sample.datapro5X5" name="getdata" time="0.003"/>
  <system-out/>
  <testcase classname="sample.datapro5X5" name="getdata" time="0.005"/>
  <system-out/>
  <testcase classname="sample.datapro5X5" name="getdata" time="0.014"/>
  <system-out/>
  <testcase classname="sample.datapro5X5" name="getdata" time="0.011"/>
  <system-out/>
</testsuite> <!-- sample.datapro5X5 -->
