<?xml version="1.0" encoding="UTF-8"?>
<!-- Generated by org.testng.reporters.JUnitReportReporter -->
<testsuite hostname="DESKTOP-7114NCB" failures="0" tests="4" name="sample.datapro4X4" time="0.019" errors="0" timestamp="2023-05-23T21:21:36 IST" skipped="0">
  <testcase classname="sample.datapro4X4" name="getdata" time="0.004"/>
  <system-out/>
  <testcase classname="sample.datapro4X4" name="getdata" time="0.003"/>
  <system-out/>
  <testcase classname="sample.datapro4X4" name="getdata" time="0.010"/>
  <system-out/>
  <testcase classname="sample.datapro4X4" name="getdata" time="0.002"/>
  <system-out/>
</testsuite> <!-- sample.datapro4X4 -->
