<?xml version="1.0" encoding="UTF-8"?>
<!-- Generated by org.testng.reporters.JUnitReportReporter -->
<testsuite hostname="DESKTOP-7114NCB" failures="0" tests="5" name="sample.TestNG1test" time="0.033" errors="0" timestamp="2023-05-23T17:02:04 IST" skipped="1">
  <testcase classname="sample.TestNG1test" name="qspideradmission" time="0.020"/>
  <system-out/>
  <testcase classname="sample.TestNG1test" name="seleniumclass" time="0.008"/>
  <system-out/>
  <testcase classname="sample.TestNG1test" name="javaclass" time="0.002"/>
  <system-out/>
  <testcase classname="sample.TestNG1test" name="sqlclass" time="0.003"/>
  <system-out/>
  <testcase classname="sample.TestNG1test" name="mannualclass">
    <skipped/>
  </testcase> <!-- mannualclass -->
  <system-out/>
</testsuite> <!-- sample.TestNG1test -->
