<?xml version="1.0" encoding="UTF-8"?>
<!-- Generated by org.testng.reporters.JUnitReportReporter -->
<testsuite hostname="DESKTOP-7114NCB" failures="0" tests="4" name="sample.Dataprovider4X4" time="0.028" errors="0" timestamp="2023-05-23T21:19:23 IST" skipped="0">
  <testcase classname="sample.Dataprovider4X4" name="getdata" time="0.006"/>
  <system-out/>
  <testcase classname="sample.Dataprovider4X4" name="getdata" time="0.003"/>
  <system-out/>
  <testcase classname="sample.Dataprovider4X4" name="getdata" time="0.010"/>
  <system-out/>
  <testcase classname="sample.Dataprovider4X4" name="getdata" time="0.009"/>
  <system-out/>
</testsuite> <!-- sample.Dataprovider4X4 -->
