<?xml version="1.0" encoding="UTF-8"?>
<!-- Generated by org.testng.reporters.JUnitReportReporter -->
<testsuite hostname="DESKTOP-7114NCB" failures="0" tests="1" name="com.Ecommerce.BrinytimeLogin.Remove_Procuct_From_Cart" time="5.128" errors="0" timestamp="2023-05-25T11:01:28 IST" skipped="0">
  <testcase classname="com.Ecommerce.BrinytimeLogin.Remove_Procuct_From_Cart" name="removeProductFromCart" time="5.128"/>
  <system-out/>
</testsuite> <!-- com.Ecommerce.BrinytimeLogin.Remove_Procuct_From_Cart -->
