<?xml version="1.0" encoding="UTF-8"?>
<!-- Generated by org.testng.reporters.JUnitReportReporter -->
<testsuite hostname="DESKTOP-7114NCB" failures="0" tests="1" name="sample.facebook" time="17.351" errors="0" timestamp="2023-05-29T12:18:15 IST" skipped="0">
  <testcase classname="sample.facebook" name="facebook" time="17.351"/>
  <system-out/>
</testsuite> <!-- sample.facebook -->
