<?xml version="1.0" encoding="UTF-8"?>
<!-- Generated by org.testng.reporters.JUnitReportReporter -->
<testsuite hostname="DESKTOP-7114NCB" failures="0" tests="1" name="com.Ecommerce.BrinytimeLogin.addtocart1" time="3.780" errors="0" timestamp="2023-05-25T10:36:04 IST" skipped="0">
  <testcase classname="com.Ecommerce.BrinytimeLogin.addtocart1" name="addproductToCart" time="3.780"/>
  <system-out/>
</testsuite> <!-- com.Ecommerce.BrinytimeLogin.addtocart1 -->
