<?xml version="1.0" encoding="UTF-8"?>
<!-- Generated by org.testng.reporters.JUnitReportReporter -->
<testsuite hostname="DESKTOP-7114NCB" failures="0" tests="3" name="sample.Dataprovider" time="0.018" errors="0" timestamp="2023-05-23T18:05:22 IST" skipped="0">
  <testcase classname="sample.Dataprovider" name="getdata" time="0.003"/>
  <system-out/>
  <testcase classname="sample.Dataprovider" name="getdata" time="0.011"/>
  <system-out/>
  <testcase classname="sample.Dataprovider" name="getdata" time="0.004"/>
  <system-out/>
</testsuite> <!-- sample.Dataprovider -->
