<?xml version="1.0" encoding="UTF-8"?>
<!-- Generated by org.testng.reporters.JUnitReportReporter -->
<testsuite hostname="DESKTOP-7114NCB" failures="0" tests="4" name="sample.Dataprovider5X5" time="0.025" errors="0" timestamp="2023-05-24T10:17:58 IST" skipped="0">
  <testcase classname="sample.Dataprovider5X5" name="getdata" time="0.001"/>
  <system-out/>
  <testcase classname="sample.Dataprovider5X5" name="getdata" time="0.004"/>
  <system-out/>
  <testcase classname="sample.Dataprovider5X5" name="getdata" time="0.018"/>
  <system-out/>
  <testcase classname="sample.Dataprovider5X5" name="getdata" time="0.002"/>
  <system-out/>
</testsuite> <!-- sample.Dataprovider5X5 -->
