<?xml version="1.0" encoding="UTF-8"?>
<!-- Generated by org.testng.reporters.JUnitReportReporter -->
<testsuite hostname="DESKTOP-7114NCB" failures="0" tests="1" name="com.Ecommerce.BrinytimeLogin.RemoveProductFromCartTest" time="5.674" errors="0" timestamp="2023-06-02T15:54:14 IST" skipped="0">
  <testcase classname="com.Ecommerce.BrinytimeLogin.RemoveProductFromCartTest" name="removeProductFromCart" time="5.674"/>
  <system-out>
    <![CDATA[we can remove the product from the cart verified and test case is passed]]>
  </system-out>
</testsuite> <!-- com.Ecommerce.BrinytimeLogin.RemoveProductFromCartTest -->
