<?xml version="1.0" encoding="UTF-8"?>
<!-- Generated by org.testng.reporters.JUnitReportReporter -->
<testsuite hostname="DESKTOP-7114NCB" failures="0" tests="3" name="sample.ExcelDataprovider" time="0.012" errors="0" timestamp="2023-05-24T11:23:50 IST" skipped="0">
  <testcase classname="sample.ExcelDataprovider" name="getdata" time="0.003"/>
  <system-out/>
  <testcase classname="sample.ExcelDataprovider" name="getdata" time="0.002"/>
  <system-out/>
  <testcase classname="sample.ExcelDataprovider" name="getdata" time="0.007"/>
  <system-out/>
</testsuite> <!-- sample.ExcelDataprovider -->
