<?xml version="1.0" encoding="UTF-8"?>
<!-- Generated by org.testng.reporters.JUnitReportReporter -->
<testsuite hostname="DESKTOP-7114NCB" failures="0" tests="2" name="sample.FetchFromGenericPackage" time="0.011" errors="0" timestamp="2023-05-24T11:40:37 IST" skipped="0">
  <testcase classname="sample.FetchFromGenericPackage" name="readdata" time="0.002"/>
  <system-out/>
  <testcase classname="sample.FetchFromGenericPackage" name="readdata" time="0.009"/>
  <system-out/>
</testsuite> <!-- sample.FetchFromGenericPackage -->
