<?xml version="1.0" encoding="UTF-8"?>
<!-- Generated by org.testng.reporters.JUnitReportReporter -->
<testsuite hostname="DESKTOP-7114NCB" failures="0" tests="3" name="sample.Datapro" time="0.020" errors="0" timestamp="2023-05-23T20:57:08 IST" skipped="0">
  <testcase classname="sample.Datapro" name="getdata" time="0.002"/>
  <system-out/>
  <testcase classname="sample.Datapro" name="getdata" time="0.013"/>
  <system-out/>
  <testcase classname="sample.Datapro" name="getdata" time="0.005"/>
  <system-out/>
</testsuite> <!-- sample.Datapro -->
