<?xml version="1.0" encoding="UTF-8"?>
<!-- Generated by org.testng.reporters.JUnitReportReporter -->
<testsuite hostname="DESKTOP-7114NCB" failures="0" tests="1" name="com.Ecommerce.BrinytimeLogin.TrackOrderTest" time="5.754" errors="0" timestamp="2023-06-02T15:54:30 IST" skipped="0">
  <testcase classname="com.Ecommerce.BrinytimeLogin.TrackOrderTest" name="trackOrder" time="5.754"/>
  <system-out>
    <![CDATA[we can track the order verified and test case is passed]]>
  </system-out>
</testsuite> <!-- com.Ecommerce.BrinytimeLogin.TrackOrderTest -->
